2025-04-15 17:55:55.130142 - Received CBT.V508.FILE1008.PDS from FILE1008.XMI 
2025-04-15 17:55:55.131492 - Found $$$#DATE.txt (text/plain) in CBT.V508.FILE1008.PDS, moved to PDS/$$$#DATE
2025-04-15 17:55:55.131802 - Found $$$INDEX.txt (text/plain) in CBT.V508.FILE1008.PDS, moved to PDS/$$$INDEX
2025-04-15 17:55:55.132133 - Found $$INSTAL.txt (text/plain) in CBT.V508.FILE1008.PDS, moved to PDS/$$INSTAL
2025-04-15 17:55:55.132442 - Found $$NOTE00.txt (text/plain) in CBT.V508.FILE1008.PDS, moved to PDS/$$NOTE00
2025-04-15 17:55:55.132486 - Found @FIL1008.txt (text/plain) in CBT.V508.FILE1008.PDS, moved to PDS/@FIL1008
2025-04-15 17:55:55.132680 - Found ISPPLIB.xmi (application/xmit) in CBT.V508.FILE1008.PDS, moved to PDS/ISPPLIB.xmi
2025-04-15 17:55:55.138143 - Received ABBYDALE.ISPPREP.ISPPLIB from ISPPLIB.xmi 
2025-04-15 17:55:55.138656 - Found ISPPREPA.bin (application/octet-stream) in ABBYDALE.ISPPREP.ISPPLIB, moved to ISPPLIB/ISPPREPA
2025-04-15 17:55:55.138972 - Found JCL.xmi (application/xmit) in CBT.V508.FILE1008.PDS, moved to PDS/JCL.xmi
2025-04-15 17:55:55.173664 - Received ABBYDALE.ISPPREP.JCL from JCL.xmi 
2025-04-15 17:55:55.174552 - Found ASL0001.txt (text/plain) in ABBYDALE.ISPPREP.JCL, moved to JCL/ASL0001
2025-04-15 17:55:55.174877 - Found ASL0002.txt (text/plain) in ABBYDALE.ISPPREP.JCL, moved to JCL/ASL0002
2025-04-15 17:55:55.175181 - Found IEBCOPY.jcl (text/plain) in ABBYDALE.ISPPREP.JCL, moved to JCL/IEBCOPY
2025-04-15 17:55:55.175483 - Found IEBCOPY2.jcl (text/plain) in ABBYDALE.ISPPREP.JCL, moved to JCL/IEBCOPY2
2025-04-15 17:55:55.175808 - Found SMPEJCL.jcl (text/plain) in ABBYDALE.ISPPREP.JCL, moved to JCL/SMPEJCL
2025-04-15 17:55:55.176117 - Found SMPEPROC.txt (text/plain) in ABBYDALE.ISPPREP.JCL, moved to JCL/SMPEPROC
2025-04-15 17:55:55.176450 - Found ZAP.jcl (text/plain) in ABBYDALE.ISPPREP.JCL, moved to JCL/ZAP
2025-04-15 17:55:55.177415 - Found LOADLIB.xmi (application/xmit) in CBT.V508.FILE1008.PDS, moved to PDS/LOADLIB.xmi
2025-04-15 17:55:55.184442 - Received ABBYDALE.ISPPREP.LOADLIB from LOADLIB.xmi 
2025-04-15 17:55:55.185489 - Found ISPPREP.bin (application/octet-stream) in ABBYDALE.ISPPREP.LOADLIB, moved to LOADLIB/ISPPREP
2025-04-15 17:55:55.185775 - Found README.txt (text/plain) in CBT.V508.FILE1008.PDS, moved to PDS/README
2025-04-15 17:55:55.186140 - Found UNPACK.rexx (text/plain) in CBT.V508.FILE1008.PDS, moved to PDS/UNPACK
